2021-04-12 09:30 INFO Fold0 start
2021-04-12 09:30 INFO train: [ 0  1  3  4  5  6  7  9 11 13 14 15 17 18 19 20 21 22 23 24 25 26 27 28
 29 30 31 33 35 36 38 39 40 42 43 44 45] valid: [ 2  8 10 12 16 32 34 37 41 46]
2021-04-12 09:30 INFO Epoch [1/20], Loss: 19.2831, 
[Training] Acc: 0.9849, SE: 0.0046, SP: 0.9940, PC: 0.0092, F1: 0.0068, JS: 0.0048, DC: 0.0092
2021-04-12 09:30 INFO [Validation] Acc: 0.9894, SE: 0.0003, SP: 0.9981, PC: 0.0038, F1: 0.0006, JS: 0.0003, DC: 0.0006
2021-04-12 09:30 INFO model score: 0.000907330341032828 (0.0)
2021-04-12 09:30 INFO Best AttU_Net model score : 0.0009
2021-04-12 09:32 INFO Epoch [2/20], Loss: 22.9968, 
[Training] Acc: 0.8010, SE: 0.0000, SP: 0.8085, PC: 0.0001, F1: 0.0000, JS: 0.0000, DC: 0.0000
2021-04-12 09:32 INFO [Validation] Acc: 0.9912, SE: 0.0069, SP: 0.9998, PC: 0.2275, F1: 0.0138, JS: 0.0071, DC: 0.0138
2021-04-12 09:32 INFO model score: 0.020812279225443275 (0.000907330341032828)
2021-04-12 09:32 INFO Best AttU_Net model score : 0.0208
2021-04-12 09:33 INFO Epoch [3/20], Loss: 24.7199, 
[Training] Acc: 0.8010, SE: 0.0053, SP: 0.8084, PC: 0.0882, F1: 0.0105, JS: 0.0055, DC: 0.0107
2021-04-12 09:33 INFO [Validation] Acc: 0.9912, SE: 0.0168, SP: 0.9997, PC: 0.2847, F1: 0.0328, JS: 0.0175, DC: 0.0336
2021-04-12 09:33 INFO model score: 0.05114594664365023 (0.020812279225443275)
2021-04-12 09:33 INFO Best AttU_Net model score : 0.0511
2021-04-12 09:33 INFO Epoch [4/20], Loss: 26.4137, 
[Training] Acc: 0.8010, SE: 0.0081, SP: 0.8084, PC: 0.1297, F1: 0.0159, JS: 0.0085, DC: 0.0162
2021-04-12 09:34 INFO [Validation] Acc: 0.9911, SE: 0.0163, SP: 0.9997, PC: 0.2745, F1: 0.0318, JS: 0.0170, DC: 0.0326
2021-04-12 09:34 INFO model score: 0.04953774772913562 (0.05114594664365023)
2021-04-12 09:34 INFO Fold1 start
2021-04-12 09:34 INFO train: [ 0  1  2  3  4  6  7  8 10 11 12 13 14 15 16 17 18 20 22 24 25 27 28 31
 32 34 35 36 37 38 40 41 42 43 44 45 46] valid: [ 5  9 19 21 23 26 29 30 33 39]
2021-04-12 09:34 INFO Epoch [5/20], Loss: 22.3892, 
[Training] Acc: 0.9716, SE: 0.0086, SP: 0.9800, PC: 0.0181, F1: 0.0095, JS: 0.0088, DC: 0.0172
2021-04-12 09:34 INFO [Validation] Acc: 0.9716, SE: 0.0264, SP: 0.9807, PC: 0.0400, F1: 0.0357, JS: 0.0272, DC: 0.0529
2021-04-12 09:34 INFO model score: 0.08008026684844362 (0.0)
2021-04-12 09:34 INFO Best AttU_Net model score : 0.0801
2021-04-12 09:35 INFO Epoch [6/20], Loss: 78.1055, 
[Training] Acc: 0.8008, SE: 0.0012, SP: 0.8080, PC: 0.0027, F1: 0.0019, JS: 0.0013, DC: 0.0025
2021-04-12 09:35 INFO [Validation] Acc: 0.9899, SE: 0.0000, SP: 1.0000, PC: 0.0000, F1: 0.0000, JS: 0.0000, DC: 0.0000
2021-04-12 09:35 INFO model score: 0.0 (0.08008026684844362)
2021-04-12 09:35 INFO Epoch [7/20], Loss: 138.3684, 
[Training] Acc: 0.8013, SE: 0.0000, SP: 0.8085, PC: 0.0000, F1: 0.0000, JS: 0.0000, DC: 0.0000
2021-04-12 09:35 INFO [Validation] Acc: 0.9899, SE: 0.0000, SP: 1.0000, PC: 0.0000, F1: 0.0000, JS: 0.0000, DC: 0.0000
2021-04-12 09:35 INFO model score: 0.0 (0.08008026684844362)
2021-04-12 09:36 INFO Epoch [8/20], Loss: 198.6313, 
[Training] Acc: 0.8013, SE: 0.0000, SP: 0.8085, PC: 0.0000, F1: 0.0000, JS: 0.0000, DC: 0.0000
2021-04-12 09:36 INFO [Validation] Acc: 0.9899, SE: 0.0000, SP: 1.0000, PC: 0.0000, F1: 0.0000, JS: 0.0000, DC: 0.0000
2021-04-12 09:36 INFO model score: 0.0 (0.08008026684844362)
2021-04-12 09:36 INFO Fold2 start
2021-04-12 09:36 INFO train: [ 1  2  3  4  5  6  7  8  9 10 11 12 13 14 16 17 19 20 21 22 23 24 25 26
 27 28 29 30 31 32 33 34 36 37 39 41 45 46] valid: [ 0 15 18 35 38 40 42 43 44]
2021-04-12 09:37 INFO Epoch [9/20], Loss: 21.0300, 
[Training] Acc: 0.9801, SE: 0.0178, SP: 0.9891, PC: 0.0546, F1: 0.0261, JS: 0.0184, DC: 0.0356
2021-04-12 09:37 INFO [Validation] Acc: 0.9803, SE: 0.0082, SP: 0.9882, PC: 0.0143, F1: 0.0105, JS: 0.0083, DC: 0.0163
2021-04-12 09:37 INFO model score: 0.024586423275189836 (0.0)
2021-04-12 09:37 INFO Best AttU_Net model score : 0.0246
2021-04-12 09:38 INFO Epoch [10/20], Loss: 23.8169, 
[Training] Acc: 0.8218, SE: 0.0002, SP: 0.8295, PC: 0.0003, F1: 0.0002, JS: 0.0002, DC: 0.0003
2021-04-12 09:38 INFO [Validation] Acc: 0.9918, SE: 0.0000, SP: 1.0000, PC: 0.0000, F1: 0.0000, JS: 0.0000, DC: 0.0000
2021-04-12 09:38 INFO model score: 0.0 (0.024586423275189836)
2021-04-12 09:38 INFO Epoch [11/20], Loss: 25.7227, 
[Training] Acc: 0.8220, SE: 0.0000, SP: 0.8298, PC: 0.0000, F1: 0.0000, JS: 0.0000, DC: 0.0000
2021-04-12 09:39 INFO [Validation] Acc: 0.9918, SE: 0.0000, SP: 1.0000, PC: 0.0000, F1: 0.0000, JS: 0.0000, DC: 0.0000
2021-04-12 09:39 INFO model score: 0.0 (0.024586423275189836)
2021-04-12 09:39 INFO Epoch [12/20], Loss: 27.5980, 
[Training] Acc: 0.8220, SE: 0.0000, SP: 0.8298, PC: 0.0000, F1: 0.0000, JS: 0.0000, DC: 0.0000
2021-04-12 09:39 INFO [Validation] Acc: 0.9918, SE: 0.0000, SP: 1.0000, PC: 0.0000, F1: 0.0000, JS: 0.0000, DC: 0.0000
2021-04-12 09:39 INFO model score: 0.0 (0.024586423275189836)
2021-04-12 09:39 INFO Fold3 start
2021-04-12 09:39 INFO train: [ 0  1  2  5  7  8  9 10 12 13 15 16 17 18 19 21 22 23 26 27 28 29 30 31
 32 33 34 35 36 37 38 39 40 41 42 43 44 46] valid: [ 3  4  6 11 14 20 24 25 45]
2021-04-12 09:40 INFO Epoch [13/20], Loss: 18.6092, 
[Training] Acc: 0.9807, SE: 0.0132, SP: 0.9895, PC: 0.0636, F1: 0.0227, JS: 0.0135, DC: 0.0263
2021-04-12 09:40 INFO [Validation] Acc: 0.9811, SE: 0.0471, SP: 0.9894, PC: 0.0852, F1: 0.0613, JS: 0.0495, DC: 0.0943
2021-04-12 09:40 INFO model score: 0.14378999476558188 (0.0)
2021-04-12 09:40 INFO Best AttU_Net model score : 0.1438
2021-04-12 09:41 INFO Epoch [14/20], Loss: 21.5024, 
[Training] Acc: 0.8219, SE: 0.0017, SP: 0.8294, PC: 0.0031, F1: 0.0020, JS: 0.0018, DC: 0.0034
2021-04-12 09:41 INFO [Validation] Acc: 0.9907, SE: 0.0000, SP: 1.0000, PC: 0.0000, F1: 0.0000, JS: 0.0000, DC: 0.0000
2021-04-12 09:41 INFO model score: 0.0 (0.14378999476558188)
2021-04-12 09:41 INFO Epoch [15/20], Loss: 23.3268, 
[Training] Acc: 0.8222, SE: 0.0000, SP: 0.8298, PC: 0.0000, F1: 0.0000, JS: 0.0000, DC: 0.0000
2021-04-12 09:41 INFO [Validation] Acc: 0.9906, SE: 0.0188, SP: 0.9998, PC: 0.3878, F1: 0.0374, JS: 0.0194, DC: 0.0376
2021-04-12 09:41 INFO model score: 0.056922866783079284 (0.14378999476558188)
2021-04-12 09:42 INFO Epoch [16/20], Loss: 25.0988, 
[Training] Acc: 0.8222, SE: 0.0045, SP: 0.8297, PC: 0.0932, F1: 0.0086, JS: 0.0047, DC: 0.0089
2021-04-12 09:42 INFO [Validation] Acc: 0.9907, SE: 0.0323, SP: 0.9997, PC: 0.4575, F1: 0.0629, JS: 0.0338, DC: 0.0646
2021-04-12 09:42 INFO model score: 0.0984762990049807 (0.14378999476558188)
2021-04-12 09:42 INFO Fold4 start
2021-04-12 09:42 INFO train: [ 0  2  3  4  5  6  8  9 10 11 12 14 15 16 18 19 20 21 23 24 25 26 29 30
 32 33 34 35 37 38 39 40 41 42 43 44 45 46] valid: [ 1  7 13 17 22 27 28 31 36]
2021-04-12 09:43 INFO Epoch [17/20], Loss: 19.6112, 
[Training] Acc: 0.9793, SE: 0.0269, SP: 0.9878, PC: 0.0916, F1: 0.0412, JS: 0.0279, DC: 0.0538
2021-04-12 09:43 INFO [Validation] Acc: 0.9866, SE: 0.0319, SP: 0.9954, PC: 0.0840, F1: 0.0510, JS: 0.0332, DC: 0.0637
2021-04-12 09:43 INFO model score: 0.09697752303571161 (0.0)
2021-04-12 09:43 INFO Best AttU_Net model score : 0.0970
2021-04-12 09:43 INFO Epoch [18/20], Loss: 22.3397, 
[Training] Acc: 0.8221, SE: 0.0017, SP: 0.8296, PC: 0.0068, F1: 0.0029, JS: 0.0018, DC: 0.0035
2021-04-12 09:43 INFO [Validation] Acc: 0.9907, SE: 0.0000, SP: 1.0000, PC: 0.0000, F1: 0.0000, JS: 0.0000, DC: 0.0000
2021-04-12 09:43 INFO model score: 0.0 (0.09697752303571161)
2021-04-12 09:44 INFO Epoch [19/20], Loss: 24.2326, 
[Training] Acc: 0.8222, SE: 0.0000, SP: 0.8298, PC: 0.0000, F1: 0.0000, JS: 0.0000, DC: 0.0000
2021-04-12 09:44 INFO [Validation] Acc: 0.9907, SE: 0.0000, SP: 1.0000, PC: 0.0000, F1: 0.0000, JS: 0.0000, DC: 0.0000
2021-04-12 09:44 INFO model score: 0.0 (0.09697752303571161)
2021-04-12 09:45 INFO Epoch [20/20], Loss: 26.0883, 
[Training] Acc: 0.8222, SE: 0.0000, SP: 0.8298, PC: 0.0000, F1: 0.0000, JS: 0.0000, DC: 0.0000
2021-04-12 09:45 INFO [Validation] Acc: 0.9907, SE: 0.0000, SP: 1.0000, PC: 0.0000, F1: 0.0000, JS: 0.0000, DC: 0.0000
2021-04-12 09:45 INFO model score: 0.0 (0.09697752303571161)
